<?xml version="1.0" encoding="UTF-8"?>
<testng-results skipped="0" failed="0" ignored="0" total="1" passed="1">
  <reporter-output>
  </reporter-output>
  <suite name="Default suite" duration-ms="39735" started-at="2018-09-28T06:43:56Z" finished-at="2018-09-28T06:44:36Z">
    <groups>
    </groups>
    <test name="Default test" duration-ms="39735" started-at="2018-09-28T06:43:56Z" finished-at="2018-09-28T06:44:36Z">
      <class name="org.tcs.login.Amazon">
        <test-method status="PASS" signature="beforeClass()[pri:0, instance:org.tcs.login.Amazon@1c3a4799]" name="beforeClass" is-config="true" duration-ms="17182" started-at="2018-09-28T06:43:56Z" finished-at="2018-09-28T06:44:13Z">
          <reporter-output>
          </reporter-output>
        </test-method> <!-- beforeClass -->
        <test-method status="PASS" signature="beforeMethod()[pri:0, instance:org.tcs.login.Amazon@1c3a4799]" name="beforeMethod" is-config="true" duration-ms="9" started-at="2018-09-28T06:44:13Z" finished-at="2018-09-28T06:44:13Z">
          <reporter-output>
          </reporter-output>
        </test-method> <!-- beforeMethod -->
        <test-method status="PASS" signature="test1()[pri:0, instance:org.tcs.login.Amazon@1c3a4799]" name="test1" duration-ms="22486" started-at="2018-09-28T06:44:13Z" finished-at="2018-09-28T06:44:36Z">
          <reporter-output>
          </reporter-output>
        </test-method> <!-- test1 -->
        <test-method status="PASS" signature="afterMethod()[pri:0, instance:org.tcs.login.Amazon@1c3a4799]" name="afterMethod" is-config="true" duration-ms="1" started-at="2018-09-28T06:44:36Z" finished-at="2018-09-28T06:44:36Z">
          <reporter-output>
          </reporter-output>
        </test-method> <!-- afterMethod -->
        <test-method status="PASS" signature="afterClass()[pri:0, instance:org.tcs.login.Amazon@1c3a4799]" name="afterClass" is-config="true" duration-ms="1" started-at="2018-09-28T06:44:36Z" finished-at="2018-09-28T06:44:36Z">
          <reporter-output>
          </reporter-output>
        </test-method> <!-- afterClass -->
      </class> <!-- org.tcs.login.Amazon -->
    </test> <!-- Default test -->
  </suite> <!-- Default suite -->
</testng-results>
